<?xml version="1.0" encoding="UTF-8"?>
<!-- Generated by org.testng.reporters.JUnitReportReporter -->
<testsuite skipped="0" hostname="Cihan" name="Campus.CountryTest" tests="6" failures="0" timestamp="2022-10-11T10:36:06 EET" time="2.586" errors="0">
  <testcase name="createCountry" time="0.789" classname="Campus.CountryTest"/>
  <system-out/>
  <testcase name="updateCountryNegative" time="0.311" classname="Campus.CountryTest"/>
  <system-out/>
  <testcase name="deleteCountryByIdNegative" time="0.310" classname="Campus.CountryTest"/>
  <system-out/>
  <testcase name="createCountryNegative" time="0.410" classname="Campus.CountryTest"/>
  <system-out/>
  <testcase name="updateCountry" time="0.412" classname="Campus.CountryTest"/>
  <system-out/>
  <testcase name="deleteCountryById" time="0.354" classname="Campus.CountryTest"/>
  <system-out/>
</testsuite> <!-- Campus.CountryTest -->
